<?xml version="1.0" encoding="UTF-8"?>
<!-- Generated by org.testng.reporters.JUnitXMLReporter -->
<testsuite ignored="0" hostname="Satheesh-Vidhya-Venpa" failures="0" tests="2" name="AskOmDch Firefox Test Automation" time="45.522" errors="0" timestamp="2022-10-21T20:26:08 IST">
  <testcase classname="com.askomdch.testclasses.MyFirstTestCase" name="guestCheckoutUsing_DirectBankTransfer" time="6.652"/>
  <testcase classname="com.askomdch.testclasses.MyFirstTestCase" name="loginAndCheckoutUsing_DirectBankTransfer" time="9.299"/>
</testsuite> <!-- AskOmDch Firefox Test Automation -->
