<?xml version="1.0" encoding="UTF-8"?>
<!-- Generated by org.testng.reporters.JUnitXMLReporter -->
<testsuite ignored="0" hostname="Satheesh-Vidhya-Venpa" failures="0" tests="2" name="AskOmDch Chrome Test Automation" time="26.024" errors="0" timestamp="2022-10-21T20:25:48 IST">
  <testcase classname="com.askomdch.testclasses.MyFirstTestCase" name="guestCheckoutUsing_DirectBankTransfer" time="7.401"/>
  <testcase classname="com.askomdch.testclasses.MyFirstTestCase" name="loginAndCheckoutUsing_DirectBankTransfer" time="10.618"/>
</testsuite> <!-- AskOmDch Chrome Test Automation -->
