<?xml version="1.0" encoding="UTF-8"?>
<!-- Generated by org.testng.reporters.JUnitXMLReporter -->
<testsuite ignored="0" hostname="Satheesh-Vidhya-Venpa" failures="2" tests="2" name="AskOmDch Chrome Browser Automation" time="26.233" errors="0" timestamp="2022-10-21T20:19:36 IST">
  <testcase classname="com.askomdch.testclasses.MyFirstTestCase" name="guestCheckoutUsing_DirectBankTransfer" time="17.364">
    <failure type="java.lang.AssertionError" message="expected [true] but found [false]">
      <![CDATA[java.lang.AssertionError: expected [true] but found [false]
at com.askomdch.testclasses.MyFirstTestCase.guestCheckoutUsing_DirectBankTransfer(MyFirstTestCase.java:24)
at java.base/java.util.concurrent.ThreadPoolExecutor.runWorker(ThreadPoolExecutor.java:1128)
at java.base/java.util.concurrent.ThreadPoolExecutor$Worker.run(ThreadPoolExecutor.java:628)
at java.base/java.lang.Thread.run(Thread.java:834)
... Removed 16 stack frames]]>
    </failure>
  </testcase> <!-- guestCheckoutUsing_DirectBankTransfer -->
  <testcase classname="com.askomdch.testclasses.MyFirstTestCase" name="loginAndCheckoutUsing_DirectBankTransfer" time="20.904">
    <failure type="java.lang.AssertionError" message="expected [true] but found [false]">
      <![CDATA[java.lang.AssertionError: expected [true] but found [false]
at com.askomdch.testclasses.MyFirstTestCase.loginAndCheckoutUsing_DirectBankTransfer(MyFirstTestCase.java:51)
at java.base/java.util.concurrent.ThreadPoolExecutor.runWorker(ThreadPoolExecutor.java:1128)
at java.base/java.util.concurrent.ThreadPoolExecutor$Worker.run(ThreadPoolExecutor.java:628)
at java.base/java.lang.Thread.run(Thread.java:834)
... Removed 16 stack frames]]>
    </failure>
  </testcase> <!-- loginAndCheckoutUsing_DirectBankTransfer -->
</testsuite> <!-- AskOmDch Chrome Browser Automation -->
