<?xml version="1.0" encoding="UTF-8"?>
<!-- Generated by org.testng.reporters.JUnitXMLReporter -->
<testsuite ignored="0" hostname="Satheesh-Vidhya-Venpa" failures="0" tests="2" name="AskOmDch Test Automation" time="18.244" errors="0" timestamp="2022-10-15T20:14:46 IST">
  <testcase classname="com.askomdch.testclasses.MyFirstTestCase" name="guestCheckoutUsing_DirectBankTransfer" time="6.242"/>
  <testcase classname="com.askomdch.testclasses.MyFirstTestCase" name="loginAndCheckoutUsing_DirectBankTransfer" time="8.109"/>
</testsuite> <!-- AskOmDch Test Automation -->
