<?xml version="1.0" encoding="UTF-8"?>
<testng-results ignored="0" total="2" passed="2" failed="0" skipped="0">
  <reporter-output>
  </reporter-output>
  <suite started-at="2022-10-15T20:14:27 IST" name="Suite" finished-at="2022-10-15T20:14:46 IST" duration-ms="18244">
    <groups>
    </groups>
    <test started-at="2022-10-15T20:14:27 IST" name="AskOmDch Test Automation" finished-at="2022-10-15T20:14:46 IST" duration-ms="18244">
      <class name="com.askomdch.testclasses.MyFirstTestCase">
        <test-method is-config="true" signature="browserSetUp(java.lang.String)[pri:0, instance:com.askomdch.testclasses.MyFirstTestCase@3315d2d7]" started-at="2022-10-15T20:14:27 IST" name="browserSetUp" finished-at="2022-10-15T20:14:30 IST" duration-ms="3010" status="PASS">
          <params>
            <param index="0">
              <value>
                <![CDATA[chrome]]>
              </value>
            </param>
          </params>
          <reporter-output>
          </reporter-output>
        </test-method> <!-- browserSetUp -->
        <test-method is-config="true" signature="methodSetUp()[pri:0, instance:com.askomdch.testclasses.MyFirstTestCase@3315d2d7]" started-at="2022-10-15T20:14:30 IST" name="methodSetUp" finished-at="2022-10-15T20:14:30 IST" duration-ms="0" status="PASS">
          <reporter-output>
          </reporter-output>
        </test-method> <!-- methodSetUp -->
        <test-method signature="guestCheckoutUsing_DirectBankTransfer()[pri:0, instance:com.askomdch.testclasses.MyFirstTestCase@3315d2d7]" started-at="2022-10-15T20:14:30 IST" name="guestCheckoutUsing_DirectBankTransfer" finished-at="2022-10-15T20:14:37 IST" duration-ms="6242" status="PASS">
          <reporter-output>
          </reporter-output>
        </test-method> <!-- guestCheckoutUsing_DirectBankTransfer -->
        <test-method is-config="true" signature="closeBrowser()[pri:0, instance:com.askomdch.testclasses.MyFirstTestCase@3315d2d7]" started-at="2022-10-15T20:14:37 IST" name="closeBrowser" finished-at="2022-10-15T20:14:37 IST" duration-ms="91" status="PASS">
          <reporter-output>
          </reporter-output>
        </test-method> <!-- closeBrowser -->
        <test-method is-config="true" signature="methodSetUp()[pri:0, instance:com.askomdch.testclasses.MyFirstTestCase@3315d2d7]" started-at="2022-10-15T20:14:37 IST" name="methodSetUp" finished-at="2022-10-15T20:14:37 IST" duration-ms="0" status="PASS">
          <reporter-output>
          </reporter-output>
        </test-method> <!-- methodSetUp -->
        <test-method signature="loginAndCheckoutUsing_DirectBankTransfer()[pri:0, instance:com.askomdch.testclasses.MyFirstTestCase@3315d2d7]" started-at="2022-10-15T20:14:37 IST" name="loginAndCheckoutUsing_DirectBankTransfer" finished-at="2022-10-15T20:14:45 IST" duration-ms="8109" status="PASS">
          <reporter-output>
          </reporter-output>
        </test-method> <!-- loginAndCheckoutUsing_DirectBankTransfer -->
        <test-method is-config="true" signature="closeBrowser()[pri:0, instance:com.askomdch.testclasses.MyFirstTestCase@3315d2d7]" started-at="2022-10-15T20:14:45 IST" name="closeBrowser" finished-at="2022-10-15T20:14:45 IST" duration-ms="108" status="PASS">
          <reporter-output>
          </reporter-output>
        </test-method> <!-- closeBrowser -->
        <test-method is-config="true" signature="commonTearDown()[pri:0, instance:com.askomdch.testclasses.MyFirstTestCase@3315d2d7]" started-at="2022-10-15T20:14:45 IST" name="commonTearDown" finished-at="2022-10-15T20:14:46 IST" duration-ms="653" status="PASS">
          <reporter-output>
          </reporter-output>
        </test-method> <!-- commonTearDown -->
      </class> <!-- com.askomdch.testclasses.MyFirstTestCase -->
    </test> <!-- AskOmDch Test Automation -->
  </suite> <!-- Suite -->
</testng-results>
